<?xml version="1.0" encoding="UTF-8"?>
<coverage generated="1768293535787" clover="3.2.0">
  <project timestamp="1768293535787" name="All files">
    <metrics statements="31" coveredstatements="3" conditionals="17" coveredconditionals="1" methods="7" coveredmethods="1" elements="55" coveredelements="5" complexity="0" loc="31" ncloc="31" packages="1" files="1" classes="1"/>
    <file name="calculadora.js" path="/home/a24alejandrojqf/Documentos/Ciber/Calculadora-Jest/calculadora.js">
      <metrics statements="31" coveredstatements="3" conditionals="17" coveredconditionals="1" methods="7" coveredmethods="1"/>
      <line num="2" count="0" type="stmt"/>
      <line num="3" count="0" type="stmt"/>
      <line num="4" count="0" type="stmt"/>
      <line num="8" count="1" type="stmt"/>
      <line num="12" count="0" type="stmt"/>
      <line num="16" count="0" type="stmt"/>
      <line num="20" count="0" type="cond" truecount="0" falsecount="2"/>
      <line num="21" count="0" type="stmt"/>
      <line num="23" count="0" type="stmt"/>
      <line num="27" count="0" type="stmt"/>
      <line num="29" count="0" type="cond" truecount="0" falsecount="4"/>
      <line num="30" count="0" type="stmt"/>
      <line num="33" count="0" type="cond" truecount="0" falsecount="7"/>
      <line num="35" count="0" type="stmt"/>
      <line num="37" count="0" type="stmt"/>
      <line num="41" count="0" type="stmt"/>
      <line num="43" count="0" type="stmt"/>
      <line num="45" count="0" type="stmt"/>
      <line num="50" count="0" type="stmt"/>
      <line num="51" count="0" type="cond" truecount="0" falsecount="2"/>
      <line num="52" count="0" type="stmt"/>
      <line num="53" count="0" type="stmt"/>
      <line num="56" count="0" type="stmt"/>
      <line num="58" count="0" type="stmt"/>
      <line num="59" count="0" type="stmt"/>
      <line num="60" count="0" type="stmt"/>
      <line num="62" count="0" type="stmt"/>
      <line num="63" count="0" type="stmt"/>
      <line num="68" count="1" type="cond" truecount="1" falsecount="1"/>
      <line num="69" count="0" type="stmt"/>
      <line num="72" count="1" type="stmt"/>
    </file>
  </project>
</coverage>
