TN:
SF:calculadora.js
FN:1,inicio
FN:7,suma
FN:11,resta
FN:15,multiplicar
FN:19,dividir
FN:26,calcular
FN:49,main
FNF:7
FNH:1
FNDA:0,inicio
FNDA:1,suma
FNDA:0,resta
FNDA:0,multiplicar
FNDA:0,dividir
FNDA:0,calcular
FNDA:0,main
DA:2,0
DA:3,0
DA:4,0
DA:8,1
DA:12,0
DA:16,0
DA:20,0
DA:21,0
DA:23,0
DA:27,0
DA:29,0
DA:30,0
DA:33,0
DA:35,0
DA:37,0
DA:41,0
DA:43,0
DA:45,0
DA:50,0
DA:51,0
DA:52,0
DA:53,0
DA:56,0
DA:58,0
DA:59,0
DA:60,0
DA:62,0
DA:63,0
DA:68,1
DA:69,0
DA:72,1
LF:31
LH:3
BRDA:20,0,0,0
BRDA:20,0,1,0
BRDA:29,1,0,0
BRDA:29,1,1,0
BRDA:29,2,0,0
BRDA:29,2,1,0
BRDA:33,3,0,0
BRDA:33,3,1,0
BRDA:33,3,2,0
BRDA:33,3,3,0
BRDA:33,3,4,0
BRDA:33,3,5,0
BRDA:33,3,6,0
BRDA:51,4,0,0
BRDA:51,4,1,0
BRDA:68,5,0,0
BRDA:68,5,1,1
BRF:17
BRH:1
end_of_record
